0 info it worked if it ends with ok
1 verbose cli [ '/usr/local/bin/node',
1 verbose cli   '/usr/local/bin/npm',
1 verbose cli   'install',
1 verbose cli   '-g',
1 verbose cli   'meteorite' ]
2 info using npm@2.14.12
3 info using node@v4.3.2
4 verbose install initial load of /usr/local/lib/package.json
5 verbose readDependencies loading dependencies from /usr/local/lib/package.json
6 silly cache add args [ 'meteorite', null ]
7 verbose cache add spec meteorite
8 silly cache add parsed spec Result {
8 silly cache add   raw: 'meteorite',
8 silly cache add   scope: null,
8 silly cache add   name: 'meteorite',
8 silly cache add   rawSpec: '',
8 silly cache add   spec: 'latest',
8 silly cache add   type: 'tag' }
9 silly addNamed meteorite@latest
10 verbose addNamed "latest" is being treated as a dist-tag for meteorite
11 info addNameTag [ 'meteorite', 'latest' ]
12 silly mapToRegistry name meteorite
13 silly mapToRegistry using default registry
14 silly mapToRegistry registry https://registry.npmjs.org/
15 silly mapToRegistry uri https://registry.npmjs.org/meteorite
16 verbose addNameTag registry:https://registry.npmjs.org/meteorite not in flight; fetching
17 verbose request uri https://registry.npmjs.org/meteorite
18 verbose request no auth needed
19 info attempt registry request try #1 at 8:47:54 PM
20 verbose request id 9f69acefcbd3186f
21 http request GET https://registry.npmjs.org/meteorite
22 http 200 https://registry.npmjs.org/meteorite
23 verbose headers { server: 'CouchDB/1.5.0 (Erlang OTP/R16B03)',
23 verbose headers   etag: '"D5T967RGDDA3DTVTBQ78I6P3U"',
23 verbose headers   'content-type': 'application/json',
23 verbose headers   'cache-control': 'max-age=300',
23 verbose headers   'content-length': '92244',
23 verbose headers   'accept-ranges': 'bytes',
23 verbose headers   date: 'Tue, 22 Mar 2016 00:47:55 GMT',
23 verbose headers   via: '1.1 varnish',
23 verbose headers   age: '0',
23 verbose headers   connection: 'keep-alive',
23 verbose headers   'x-served-by': 'cache-jfk1028-JFK',
23 verbose headers   'x-cache': 'MISS',
23 verbose headers   'x-cache-hits': '0',
23 verbose headers   'x-timer': 'S1458607675.049162,VS0,VE21',
23 verbose headers   vary: 'Accept' }
24 silly get cb [ 200,
24 silly get   { server: 'CouchDB/1.5.0 (Erlang OTP/R16B03)',
24 silly get     etag: '"D5T967RGDDA3DTVTBQ78I6P3U"',
24 silly get     'content-type': 'application/json',
24 silly get     'cache-control': 'max-age=300',
24 silly get     'content-length': '92244',
24 silly get     'accept-ranges': 'bytes',
24 silly get     date: 'Tue, 22 Mar 2016 00:47:55 GMT',
24 silly get     via: '1.1 varnish',
24 silly get     age: '0',
24 silly get     connection: 'keep-alive',
24 silly get     'x-served-by': 'cache-jfk1028-JFK',
24 silly get     'x-cache': 'MISS',
24 silly get     'x-cache-hits': '0',
24 silly get     'x-timer': 'S1458607675.049162,VS0,VE21',
24 silly get     vary: 'Accept' } ]
25 verbose get saving meteorite to /Users/huwenting/.npm/registry.npmjs.org/meteorite/.cache.json
26 silly addNameTag next cb for meteorite with tag latest
27 silly addNamed meteorite@0.9.3
28 verbose addNamed "0.9.3" is a plain semver version for meteorite
29 silly mapToRegistry name meteorite
30 silly mapToRegistry using default registry
31 silly mapToRegistry registry https://registry.npmjs.org/
32 silly mapToRegistry uri https://registry.npmjs.org/meteorite
33 verbose addRemoteTarball https://registry.npmjs.org/meteorite/-/meteorite-0.9.3.tgz not in flight; adding
34 verbose addRemoteTarball [ 'https://registry.npmjs.org/meteorite/-/meteorite-0.9.3.tgz',
34 verbose addRemoteTarball   '26dfe87ce9fca73d41057b908987c6e14942a346' ]
35 info retry fetch attempt 1 at 8:47:55 PM
36 info attempt registry request try #1 at 8:47:55 PM
37 http fetch GET https://registry.npmjs.org/meteorite/-/meteorite-0.9.3.tgz
38 http fetch 200 https://registry.npmjs.org/meteorite/-/meteorite-0.9.3.tgz
39 silly fetchAndShaCheck shasum 26dfe87ce9fca73d41057b908987c6e14942a346
40 verbose addTmpTarball /var/folders/q6/cnjybsrd0fsdfzb3x21cxhhh0000gn/T/npm-44131-f60f12ed/registry.npmjs.org/meteorite/-/meteorite-0.9.3.tgz not in flight; adding
41 verbose addTmpTarball already have metadata; skipping unpack for meteorite@0.9.3
42 silly cache afterAdd meteorite@0.9.3
43 verbose afterAdd /Users/huwenting/.npm/meteorite/0.9.3/package/package.json not in flight; writing
44 verbose afterAdd /Users/huwenting/.npm/meteorite/0.9.3/package/package.json written
45 silly install resolved [ { name: 'meteorite',
45 silly install resolved     version: '0.9.3',
45 silly install resolved     homepage: 'http://oortcloud.github.com/meteorite',
45 silly install resolved     engines: [ 'node >=0.8.0' ],
45 silly install resolved     description: 'Installer & smart package manager for Meteor',
45 silly install resolved     author:
45 silly install resolved      { name: 'Tom Coleman',
45 silly install resolved        email: 'tom@percolatestudio.com',
45 silly install resolved        url: 'http://percolatestudio.com' },
45 silly install resolved     dependencies:
45 silly install resolved      { ddp: '>=0.3.1 <0.5.0',
45 silly install resolved        underscore: '1.3.3',
45 silly install resolved        wrench: '1.3.9',
45 silly install resolved        fstream: '>=0.1.18',
45 silly install resolved        optimist: '>=0.3.4',
45 silly install resolved        prompt: '0.2.11',
45 silly install resolved        colors: '0.6.0-1',
45 silly install resolved        async: '0.2.9',
45 silly install resolved        rolling_timeout_exec: '>=0.0.1' },
45 silly install resolved     devDependencies: { mocha: '>=1.2.2', connect: '>=2.3.6', which: '>=1.0.5' },
45 silly install resolved     scripts:
45 silly install resolved      { test: 'mocha spec/unit spec/acceptance -t 240000 -R spec',
45 silly install resolved        flushcache: 'rm -rf spec/support/cache',
45 silly install resolved        postinstall: 'sh ./completions/postinstall.sh' },
45 silly install resolved     repository:
45 silly install resolved      { type: 'git',
45 silly install resolved        url: 'https://github.com/oortcloud/meteorite.git' },
45 silly install resolved     bin: { mrt: './bin/mrt.js' },
45 silly install resolved     gitHead: '35e8d5ee9df33b749527c413b28a4fee73273eae',
45 silly install resolved     bugs: { url: 'https://github.com/oortcloud/meteorite/issues' },
45 silly install resolved     _id: 'meteorite@0.9.3',
45 silly install resolved     _shasum: '26dfe87ce9fca73d41057b908987c6e14942a346',
45 silly install resolved     _from: 'meteorite@latest',
45 silly install resolved     _npmVersion: '2.1.6',
45 silly install resolved     _nodeVersion: '0.10.33',
45 silly install resolved     _npmUser: { name: 'tmeasday', email: 'tom@percolatestudio.com' },
45 silly install resolved     maintainers: [ [Object], [Object] ],
45 silly install resolved     dist:
45 silly install resolved      { shasum: '26dfe87ce9fca73d41057b908987c6e14942a346',
45 silly install resolved        tarball: 'http://registry.npmjs.org/meteorite/-/meteorite-0.9.3.tgz' },
45 silly install resolved     directories: {},
45 silly install resolved     _resolved: 'https://registry.npmjs.org/meteorite/-/meteorite-0.9.3.tgz' } ]
46 info install meteorite@0.9.3 into /usr/local/lib
47 info installOne meteorite@0.9.3
48 verbose installOne of meteorite to /usr/local/lib not in flight; installing
49 verbose lock using /Users/huwenting/.npm/_locks/meteorite-8fc49c16f8e081ba.lock for /usr/local/lib/node_modules/meteorite
50 silly install write writing meteorite 0.9.3 to /usr/local/lib/node_modules/meteorite
51 verbose unbuild lib/node_modules/meteorite
52 silly gentlyRm /usr/local/lib/node_modules/meteorite is being purged from base /usr/local
53 verbose gentlyRm don't care about contents; nuking /usr/local/lib/node_modules/meteorite
54 verbose tar unpack /Users/huwenting/.npm/meteorite/0.9.3/package.tgz
55 verbose tar unpacking to /usr/local/lib/node_modules/meteorite
56 silly gentlyRm /usr/local/lib/node_modules/meteorite is being purged
57 verbose gentlyRm don't care about contents; nuking /usr/local/lib/node_modules/meteorite
58 silly gunzTarPerm modes [ '755', '644' ]
59 error tar.unpack untar error /Users/huwenting/.npm/meteorite/0.9.3/package.tgz
60 verbose unlock done using /Users/huwenting/.npm/_locks/meteorite-8fc49c16f8e081ba.lock for /usr/local/lib/node_modules/meteorite
61 verbose fstream_path /usr/local/lib/node_modules/meteorite
62 verbose fstream_type Directory
63 verbose fstream_class DirWriter
64 verbose stack Error: EACCES: permission denied, mkdir '/usr/local/lib/node_modules/meteorite'
64 verbose stack     at Error (native)
65 verbose fstream_stack /usr/local/lib/node_modules/npm/node_modules/fstream/lib/dir-writer.js:35:25
65 verbose fstream_stack /usr/local/lib/node_modules/npm/node_modules/mkdirp/index.js:47:53
65 verbose fstream_stack FSReqWrap.oncomplete (fs.js:82:15)
66 verbose cwd /Users/huwenting/WebstormProjects/TweetMinerClient2
67 error Darwin 14.5.0
68 error argv "/usr/local/bin/node" "/usr/local/bin/npm" "install" "-g" "meteorite"
69 error node v4.3.2
70 error npm  v2.14.12
71 error path /usr/local/lib/node_modules/meteorite
72 error code EACCES
73 error errno -13
74 error syscall mkdir
75 error Error: EACCES: permission denied, mkdir '/usr/local/lib/node_modules/meteorite'
75 error     at Error (native)
75 error  { [Error: EACCES: permission denied, mkdir '/usr/local/lib/node_modules/meteorite']
75 error   errno: -13,
75 error   code: 'EACCES',
75 error   syscall: 'mkdir',
75 error   path: '/usr/local/lib/node_modules/meteorite',
75 error   fstream_type: 'Directory',
75 error   fstream_path: '/usr/local/lib/node_modules/meteorite',
75 error   fstream_class: 'DirWriter',
75 error   fstream_stack:
75 error    [ '/usr/local/lib/node_modules/npm/node_modules/fstream/lib/dir-writer.js:35:25',
75 error      '/usr/local/lib/node_modules/npm/node_modules/mkdirp/index.js:47:53',
75 error      'FSReqWrap.oncomplete (fs.js:82:15)' ] }
76 error Please try running this command again as root/Administrator.
77 verbose exit [ -13, true ]
78 verbose unbuild lib/node_modules/meteorite
79 silly gentlyRm /usr/local/lib/node_modules/meteorite is being purged from base /usr/local
80 verbose gentlyRm don't care about contents; nuking /usr/local/lib/node_modules/meteorite
